<?xml version="1.0" encoding="UTF-8"?>
<testsuite hostname="hobby" name="org.openqa.selenium.example.GoogleSearchTest" tests="11" failures="1" timestamp="16 Jan 2012 16:53:53 GMT" time="102.722" errors="0">
  <testcase name="regressionSearch" time="7.589" classname="org.openqa.selenium.example.GoogleSearchTest"/>
  <testcase name="smokeSearch" time="11.295" classname="org.openqa.selenium.example.GoogleSearchTest"/>
  <testcase name="checkText" time="5.125" classname="org.openqa.selenium.example.LocalTest"/>
  <testcase name="verifyEighthPage" time="5.504" classname="org.openqa.selenium.example.LocalTest"/>
  <testcase name="verifyFifthPage" time="5.297" classname="org.openqa.selenium.example.LocalTest"/>
  <testcase name="verifyFourthPage" time="7.36" classname="org.openqa.selenium.example.LocalTest"/>
  <testcase name="verifyLinks" time="5.328" classname="org.openqa.selenium.example.LocalTest"/>
  <testcase name="verifyNinethPage" time="5.197" classname="org.openqa.selenium.example.LocalTest">
    <failure type="org.openqa.selenium.WebDriverException" message="Script execution failed. Script: enter_name();;
 Internal Chrome error during &amp;apos;ExecuteJavascript&amp;apos;: (Could not complete script execution because a modal dialog is active). Request details: ({&amp;quot;command&amp;quot;:&amp;quot;ExecuteJavascript&amp;quot;,&amp;quot;frame_xpath&amp;quot;:&amp;quot;&amp;quot;,&amp;quot;javascript&amp;quot;:&amp;quot;window.domAutomationController.send((function(){return function(){var i=void 0,l=null,n,p=this;function q(){}\nfunction r(a){var b=typeof a;if(b==\&amp;quot;object\&amp;quot;)if(a){if(a instanceof Array)return\&amp;quot;array\&amp;quot;;else if(a instanceof Object)return b;var c=Object.prototype.toString.call(a);if(c==\&amp;quot;[object Window]\&amp;quot;)return\&amp;quot;object\&amp;quot;;if(c==\&amp;quot;[object Array]\&amp;quot;||typeof a.length==\&amp;quot;number\&amp;quot;&amp;amp;&amp;amp;typeof a.splice!=\&amp;quot;undefined\&amp;quot;&amp;amp;&amp;amp;typeof a.propertyIsEnumerable!=\&amp;quot;undefined\&amp;quot;&amp;amp;&amp;amp;!a.propertyIsEnumerable(\&amp;quot;splice\&amp;quot;))return\&amp;quot;array\&amp;quot;;if(c==\&amp;quot;[object Function]\&amp;quot;||typeof a.call!=\&amp;quot;undefined\&amp;quot;&amp;amp;&amp;amp;typeof a.propertyIsEnumerable!=\&amp;quot;undefined\&amp;quot;&amp;amp;&amp;amp;!a.propertyIsEnumerable(\&amp;quot;call\&amp;quot;))return\&amp;quot;function\&amp;quot;}else return\&amp;quot;null\&amp;quot;;\nelse if(b==\&amp;quot;function\&amp;quot;&amp;amp;&amp;amp;typeof a.call==\&amp;quot;undefined\&amp;quot;)return\&amp;quot;object\&amp;quot;;return b}function aa(a){var b=r(a);return b==\&amp;quot;array\&amp;quot;||b==\&amp;quot;object\&amp;quot;&amp;amp;&amp;amp;typeof a.length==\&amp;quot;number\&amp;quot;}function t(a){return typeof a==\&amp;quot;string\&amp;quot;}function ba(a){a=r(a);return a==\&amp;quot;object\&amp;quot;||a==\&amp;quot;array\&amp;quot;||a==\&amp;quot;function\&amp;quot;}function u(a){return a[ca]||(a[ca]=++da)}var ca=\&amp;quot;closure_uid_\&amp;quot;+Math.floor(Math.random()*2147483648).toString(36),da=0,ea=Date.now||function(){return+new Date};\nfunction v(a,b){function c(){}c.prototype=b.prototype;a.u=b.prototype;a.prototype=new c};function fa(a){for(var b=1;b\u003Carguments.length;b++)var c=String(arguments[b]).replace(/\\$/g,\&amp;quot;$$$$\&amp;quot;),a=a.replace(/\\%s/,c);return a}\nfunction ga(){for(var a=0,b=String(ha).replace(/^[\\s\\xa0]+|[\\s\\xa0]+$/g,\&amp;quot;\&amp;quot;).split(\&amp;quot;.\&amp;quot;),c=String(\&amp;quot;5.7\&amp;quot;).replace(/^[\\s\\xa0]+|[\\s\\xa0]+$/g,\&amp;quot;\&amp;quot;).split(\&amp;quot;.\&amp;quot;),e=Math.max(b.length,c.length),f=0;a==0&amp;amp;&amp;amp;f\u003Ce;f++){var d=b[f]||\&amp;quot;\&amp;quot;,h=c[f]||\&amp;quot;\&amp;quot;,j=RegExp(\&amp;quot;(\\\\d*)(\\\\D*)\&amp;quot;,\&amp;quot;g\&amp;quot;),k=RegExp(\&amp;quot;(\\\\d*)(\\\\D*)\&amp;quot;,\&amp;quot;g\&amp;quot;);do{var g=j.exec(d)||[\&amp;quot;\&amp;quot;,\&amp;quot;\&amp;quot;,\&amp;quot;\&amp;quot;],o=k.exec(h)||[\&amp;quot;\&amp;quot;,\&amp;quot;\&amp;quot;,\&amp;quot;\&amp;quot;];if(g[0].length==0&amp;amp;&amp;amp;o[0].length==0)break;a=w(g[1].length==0?0:parseInt(g[1],10),o[1].length==0?0:parseInt(o[1],10))||w(g[2].length==0,o[2].length==0)||w(g[2],o[2])}while(a==\n0)}return a}function w(a,b){if(a\u003Cb)return-1;else if(a\u003Eb)return 1;return 0};var ia=p.navigator,ja=(ia&amp;amp;&amp;amp;ia.platform||\&amp;quot;\&amp;quot;).indexOf(\&amp;quot;Mac\&amp;quot;)!=-1;var ka=window;function x(a){this.stack=Error().stack||\&amp;quot;\&amp;quot;;if(a)this.message=String(a)}v(x,Error);x.prototype.name=\&amp;quot;CustomError\&amp;quot;;function la(a,b){var c={},e;for(e in a)b.call(i,a[e],e,a)&amp;amp;&amp;amp;(c[e]=a[e]);return c}function ma(a,b){var c={},e;for(e in a)c[e]=b.call(i,a[e],e,a);return c}function na(a,b){for(var c in a)if(b.call(i,a[c],c,a))return c};function y(a,b){x.call(this,b);this.code=a;this.name=z[a]||z[13]}v(y,x);var z,oa={NoSuchElementError:7,NoSuchFrameError:8,UnknownCommandError:9,StaleElementReferenceError:10,ElementNotVisibleError:11,InvalidElementStateError:12,UnknownError:13,ElementNotSelectableError:15,XPathLookupError:19,NoSuchWindowError:23,InvalidCookieDomainError:24,UnableToSetCookieError:25,ModalDialogOpenedError:26,NoModalDialogOpenError:27,ScriptTimeoutError:28,InvalidSelectorError:32},pa={},A;for(A in oa)pa[oa[A]]=A;\nz=pa;y.prototype.toString=function(){return\&amp;quot;[\&amp;quot;+this.name+\&amp;quot;] \&amp;quot;+this.message};function B(a,b){b.unshift(a);x.call(this,fa.apply(l,b));b.shift();this.B=a}v(B,x);B.prototype.name=\&amp;quot;AssertionError\&amp;quot;;function qa(a,b){if(!a){var c=Array.prototype.slice.call(arguments,2),e=\&amp;quot;Assertion failed\&amp;quot;;if(b){e+=\&amp;quot;: \&amp;quot;+b;var f=c}throw new B(\&amp;quot;\&amp;quot;+e,f||[]);}};var ra=Array.prototype;function sa(a,b){if(t(a)){if(!t(b)||b.length!=1)return-1;return a.indexOf(b,0)}for(var c=0;c\u003Ca.length;c++)if(c in a&amp;amp;&amp;amp;a[c]===b)return c;return-1}function C(a,b){for(var c=a.length,e=Array(c),f=t(a)?a.split(\&amp;quot;\&amp;quot;):a,d=0;d\u003Cc;d++)d in f&amp;amp;&amp;amp;(e[d]=b.call(i,f[d],d,a));return e};var D;function E(){ta&amp;amp;&amp;amp;(F[u(this)]=this)}var ta=!1,F={};E.prototype.o=!1;E.prototype.g=function(){if(!this.o&amp;amp;&amp;amp;(this.o=!0,this.d(),ta)){var a=u(this);if(!F.hasOwnProperty(a))throw Error(this+\&amp;quot; did not call the goog.Disposable base constructor or was disposed of after a clearUndisposedObjects call\&amp;quot;);delete F[a]}};E.prototype.d=function(){};function G(a,b){E.call(this);this.type=a;this.currentTarget=this.target=b}v(G,E);G.prototype.d=function(){delete this.type;delete this.target;delete this.currentTarget};G.prototype.l=!1;G.prototype.z=!0;function H(a,b){a&amp;amp;&amp;amp;this.i(a,b)}v(H,G);n=H.prototype;n.target=l;n.relatedTarget=l;n.offsetX=0;n.offsetY=0;n.clientX=0;n.clientY=0;n.screenX=0;n.screenY=0;n.button=0;n.keyCode=0;n.charCode=0;n.ctrlKey=!1;n.altKey=!1;n.shiftKey=!1;n.metaKey=!1;n.w=!1;n.p=l;\nn.i=function(a,b){var c=this.type=a.type;G.call(this,c);this.target=a.target||a.srcElement;this.currentTarget=b;var e=a.relatedTarget;if(!e)if(c==\&amp;quot;mouseover\&amp;quot;)e=a.fromElement;else if(c==\&amp;quot;mouseout\&amp;quot;)e=a.toElement;this.relatedTarget=e;this.offsetX=a.offsetX!==i?a.offsetX:a.layerX;this.offsetY=a.offsetY!==i?a.offsetY:a.layerY;this.clientX=a.clientX!==i?a.clientX:a.pageX;this.clientY=a.clientY!==i?a.clientY:a.pageY;this.screenX=a.screenX||0;this.screenY=a.screenY||0;this.button=a.button;this.keyCode=a.keyCode||\n0;this.charCode=a.charCode||(c==\&amp;quot;keypress\&amp;quot;?a.keyCode:0);this.ctrlKey=a.ctrlKey;this.altKey=a.altKey;this.shiftKey=a.shiftKey;this.metaKey=a.metaKey;this.w=ja?a.metaKey:a.ctrlKey;this.state=a.state;this.p=a;delete this.z;delete this.l};n.d=function(){H.u.d.call(this);this.relatedTarget=this.currentTarget=this.target=this.p=l};function ua(){}var va=0;n=ua.prototype;n.key=0;n.f=!1;n.m=!1;n.i=function(a,b,c,e,f,d){if(r(a)==\&amp;quot;function\&amp;quot;)this.q=!0;else if(a&amp;amp;&amp;amp;a.handleEvent&amp;amp;&amp;amp;r(a.handleEvent)==\&amp;quot;function\&amp;quot;)this.q=!1;else throw Error(\&amp;quot;Invalid listener argument\&amp;quot;);this.j=a;this.t=b;this.src=c;this.type=e;this.capture=!!f;this.v=d;this.m=!1;this.key=++va;this.f=!1};n.handleEvent=function(a){if(this.q)return this.j.call(this.v||this.src,a);return this.j.handleEvent.call(this.j,a)};function I(a,b){E.call(this);this.r=b;this.b=[];if(a\u003Ethis.r)throw Error(\&amp;quot;[goog.structs.SimplePool] Initial cannot be greater than max\&amp;quot;);for(var c=0;c\u003Ca;c++)this.b.push(this.a?this.a():{})}v(I,E);I.prototype.a=l;I.prototype.n=l;I.prototype.getObject=function(){if(this.b.length)return this.b.pop();return this.a?this.a():{}};function K(a,b){a.b.length\u003Ca.r?a.b.push(b):wa(a,b)}function wa(a,b){if(a.n)a.n(b);else if(ba(b))if(r(b.g)==\&amp;quot;function\&amp;quot;)b.g();else for(var c in b)delete b[c]}\nI.prototype.d=function(){I.u.d.call(this);for(var a=this.b;a.length;)wa(this,a.pop());delete this.b};var xa,ha=(xa=\&amp;quot;ScriptEngine\&amp;quot;in p&amp;amp;&amp;amp;p.ScriptEngine()==\&amp;quot;JScript\&amp;quot;)?p.ScriptEngineMajorVersion()+\&amp;quot;.\&amp;quot;+p.ScriptEngineMinorVersion()+\&amp;quot;.\&amp;quot;+p.ScriptEngineBuildVersion():\&amp;quot;0\&amp;quot;;var L,M,N,ya,O,P,Q,R;\n(function(){function a(){return{c:0,e:0}}function b(){return[]}function c(){function a(b){return h.call(a.src,a.key,b)}return a}function e(){return new ua}function f(){return new H}var d=xa&amp;amp;&amp;amp;!(ga()\u003E=0),h;ya=function(a){h=a};if(d){L=function(a){K(j,a)};M=function(){return k.getObject()};N=function(a){K(k,a)};O=function(){K(g,c())};P=function(a){K(o,a)};Q=function(){return m.getObject()};R=function(a){K(m,a)};var j=new I(0,600);j.a=a;var k=new I(0,600);k.a=b;var g=new I(0,600);g.a=c;var o=new I(0,600);\no.a=e;var m=new I(0,600);m.a=f}else L=q,M=b,P=O=N=q,Q=f,R=q})();var S={},T={},U={},V={};function za(a,b,c,e){if(!e.h&amp;amp;&amp;amp;e.s){for(var f=0,d=0;f\u003Ce.length;f++)if(e[f].f){var h=e[f].t;h.src=l;O(h);P(e[f])}else f!=d&amp;amp;&amp;amp;(e[d]=e[f]),d++;e.length=d;e.s=!1;d==0&amp;amp;&amp;amp;(N(e),delete T[a][b][c],T[a][b].c--,T[a][b].c==0&amp;amp;&amp;amp;(L(T[a][b]),delete T[a][b],T[a].c--),T[a].c==0&amp;amp;&amp;amp;(L(T[a]),delete T[a]))}}function Aa(a){if(a in V)return V[a];return V[a]=\&amp;quot;on\&amp;quot;+a}\nfunction Ba(a,b,c,e,f){var d=1,b=u(b);if(a[b]){a.e--;a=a[b];a.h?a.h++:a.h=1;try{for(var h=a.length,j=0;j\u003Ch;j++){var k=a[j];k&amp;amp;&amp;amp;!k.f&amp;amp;&amp;amp;(d&amp;amp;=W(k,f)!==!1)}}finally{a.h--,za(c,e,b,a)}}return Boolean(d)}\nfunction W(a,b){var c=a.handleEvent(b);if(a.m){var e=a.key;if(S[e]){var f=S[e];if(!f.f){var d=f.src,h=f.type,j=f.t,k=f.capture;d.removeEventListener?(d==p||!d.A)&amp;amp;&amp;amp;d.removeEventListener(h,j,k):d.detachEvent&amp;amp;&amp;amp;d.detachEvent(Aa(h),j);d=u(d);j=T[h][k][d];if(U[d]){var g=U[d],o=sa(g,f);o\u003E=0&amp;amp;&amp;amp;(qa(g.length!=l),ra.splice.call(g,o,1));g.length==0&amp;amp;&amp;amp;delete U[d]}f.f=!0;j.s=!0;za(h,k,d,j);delete S[e]}}}return c}\nya(function(a,b){if(!S[a])return!0;var c=S[a],e=c.type,f=T;if(!(e in f))return!0;var f=f[e],d,h;D===i&amp;amp;&amp;amp;(D=!1);if(D){var j;if(!(j=b))a:{j=\&amp;quot;window.event\&amp;quot;.split(\&amp;quot;.\&amp;quot;);for(var k=p;d=j.shift();)if(k[d]!=l)k=k[d];else{j=l;break a}j=k}d=j;j=!0 in f;k=!1 in f;if(j){if(d.keyCode\u003C0||d.returnValue!=i)return!0;a:{var g=!1;if(d.keyCode==0)try{d.keyCode=-1;break a}catch(o){g=!0}if(g||d.returnValue==i)d.returnValue=!0}}g=Q();g.i(d,this);d=!0;try{if(j){for(var m=M(),J=g.currentTarget;J;J=J.parentNode)m.push(J);h=\nf[!0];h.e=h.c;for(var s=m.length-1;!g.l&amp;amp;&amp;amp;s\u003E=0&amp;amp;&amp;amp;h.e;s--)g.currentTarget=m[s],d&amp;amp;=Ba(h,m[s],e,!0,g);if(k){h=f[!1];h.e=h.c;for(s=0;!g.l&amp;amp;&amp;amp;s\u003Cm.length&amp;amp;&amp;amp;h.e;s++)g.currentTarget=m[s],d&amp;amp;=Ba(h,m[s],e,!1,g)}}else d=W(c,g)}finally{if(m)m.length=0,N(m);g.g();R(g)}return d}e=new H(b,this);try{d=W(c,e)}finally{e.g()}return d});function Ca(){}\nfunction Da(a,b,c){switch(typeof b){case \&amp;quot;string\&amp;quot;:Ea(b,c);break;case \&amp;quot;number\&amp;quot;:c.push(isFinite(b)&amp;amp;&amp;amp;!isNaN(b)?b:\&amp;quot;null\&amp;quot;);break;case \&amp;quot;boolean\&amp;quot;:c.push(b);break;case \&amp;quot;undefined\&amp;quot;:c.push(\&amp;quot;null\&amp;quot;);break;case \&amp;quot;object\&amp;quot;:if(b==l){c.push(\&amp;quot;null\&amp;quot;);break}if(r(b)==\&amp;quot;array\&amp;quot;){var e=b.length;c.push(\&amp;quot;[\&amp;quot;);for(var f=\&amp;quot;\&amp;quot;,d=0;d\u003Ce;d++)c.push(f),Da(a,b[d],c),f=\&amp;quot;,\&amp;quot;;c.push(\&amp;quot;]\&amp;quot;);break}c.push(\&amp;quot;{\&amp;quot;);e=\&amp;quot;\&amp;quot;;for(f in b)Object.prototype.hasOwnProperty.call(b,f)&amp;amp;&amp;amp;(d=b[f],typeof d!=\&amp;quot;function\&amp;quot;&amp;amp;&amp;amp;(c.push(e),Ea(f,c),c.push(\&amp;quot;:\&amp;quot;),Da(a,d,c),e=\&amp;quot;,\&amp;quot;));\nc.push(\&amp;quot;}\&amp;quot;);break;case \&amp;quot;function\&amp;quot;:break;default:throw Error(\&amp;quot;Unknown type: \&amp;quot;+typeof b);}}var Fa={&amp;apos;\&amp;quot;&amp;apos;:&amp;apos;\\\\\&amp;quot;&amp;apos;,\&amp;quot;\\\\\&amp;quot;:\&amp;quot;\\\\\\\\\&amp;quot;,\&amp;quot;/\&amp;quot;:\&amp;quot;\\\\/\&amp;quot;,\&amp;quot;\\u0008\&amp;quot;:\&amp;quot;\\\\b\&amp;quot;,\&amp;quot;\\u000c\&amp;quot;:\&amp;quot;\\\\f\&amp;quot;,\&amp;quot;\\n\&amp;quot;:\&amp;quot;\\\\n\&amp;quot;,\&amp;quot;\\r\&amp;quot;:\&amp;quot;\\\\r\&amp;quot;,\&amp;quot;\\t\&amp;quot;:\&amp;quot;\\\\t\&amp;quot;,\&amp;quot;\\u000b\&amp;quot;:\&amp;quot;\\\\u000b\&amp;quot;},Ga=/\\uffff/.test(\&amp;quot;\\uffff\&amp;quot;)?/[\\\\\\\&amp;quot;\\x00-\\x1f\\x7f-\\uffff]/g:/[\\\\\\\&amp;quot;\\x00-\\x1f\\x7f-\\xff]/g;function Ea(a,b){b.push(&amp;apos;\&amp;quot;&amp;apos;,a.replace(Ga,function(a){if(a in Fa)return Fa[a];var b=a.charCodeAt(0),f=\&amp;quot;\\\\u\&amp;quot;;b\u003C16?f+=\&amp;quot;000\&amp;quot;:b\u003C256?f+=\&amp;quot;00\&amp;quot;:b\u003C4096&amp;amp;&amp;amp;(f+=\&amp;quot;0\&amp;quot;);return Fa[a]=f+b.toString(16)}),&amp;apos;\&amp;quot;&amp;apos;)};function X(a){switch(r(a)){case \&amp;quot;string\&amp;quot;:case \&amp;quot;number\&amp;quot;:case \&amp;quot;boolean\&amp;quot;:return a;case \&amp;quot;function\&amp;quot;:return a.toString();case \&amp;quot;array\&amp;quot;:return C(a,X);case \&amp;quot;object\&amp;quot;:if(\&amp;quot;nodeType\&amp;quot;in a&amp;amp;&amp;amp;(a.nodeType==1||a.nodeType==9)){var b={};b.ELEMENT=Ha(a);return b}if(\&amp;quot;document\&amp;quot;in a)return b={},b.WINDOW=Ha(a),b;if(aa(a))return C(a,X);a=la(a,function(a,b){return typeof b==\&amp;quot;number\&amp;quot;||t(b)});return ma(a,X);default:return l}}\nfunction Ia(a,b){if(r(a)==\&amp;quot;array\&amp;quot;)return C(a,function(a){return Ia(a,b)});else if(ba(a)){if(\&amp;quot;ELEMENT\&amp;quot;in a)return Ja(a.ELEMENT,b);if(\&amp;quot;WINDOW\&amp;quot;in a)return Ja(a.WINDOW,b);return ma(a,function(a){return Ia(a,b)})}return a}function Ka(a){var a=a||document,b=a.$wdc_;if(!b)b=a.$wdc_={},b.k=ea();if(!b.k)b.k=ea();return b}function Ha(a){var b=Ka(a.ownerDocument),c=na(b,function(b){return b==a});c||(c=\&amp;quot;:wdc:\&amp;quot;+b.k++,b[c]=a);return c}\nfunction Ja(a,b){var a=decodeURIComponent(a),c=b||document,e=Ka(c);if(!(a in e))throw new y(10,\&amp;quot;Element does not exist in cache\&amp;quot;);var f=e[a];if(\&amp;quot;document\&amp;quot;in f){if(f.closed)throw delete e[a],new y(23,\&amp;quot;Window has been closed.\&amp;quot;);return f}for(var d=f;d;){if(d==c.documentElement)return f;d=d.parentNode}delete e[a];throw new y(10,\&amp;quot;Element is no longer attached to the DOM\&amp;quot;);};function La(a,b,c,e){var e=e||ka,f;try{var d=a,a=t(d)?new e.Function(d):e==window?d:new e.Function(\&amp;quot;return (\&amp;quot;+d+\&amp;quot;).apply(null,arguments);\&amp;quot;);var h=Ia(b,e.document),j=a.apply(l,h);f={status:0,value:X(j)}}catch(k){f={status:\&amp;quot;code\&amp;quot;in k?k.code:13,value:{message:k.message}}}c&amp;amp;&amp;amp;(a=[],Da(new Ca,f,a),f=a.join(\&amp;quot;\&amp;quot;));return f}var Y=\&amp;quot;_\&amp;quot;.split(\&amp;quot;.\&amp;quot;),Z=p;!(Y[0]in Z)&amp;amp;&amp;amp;Z.execScript&amp;amp;&amp;amp;Z.execScript(\&amp;quot;var \&amp;quot;+Y[0]);for(var $;Y.length&amp;amp;&amp;amp;($=Y.shift());)!Y.length&amp;amp;&amp;amp;La!==i?Z[$]=La:Z=Z[$]?Z[$]:Z[$]={};; return this._.apply(null,arguments);}.apply({navigator:typeof window!=&amp;apos;undefined&amp;apos;?window.navigator:null}, arguments);}).apply(null,[function(){enter_name();\n},[],true]));&amp;quot;,&amp;quot;tab_index&amp;quot;:0,&amp;quot;windex&amp;quot;:0}).
Backtrace:
	0x8088d3a
	0x8076225
	0x806f7f3
	0x8076cd6
	0x8078b82
	0x8076d31
	0x8097dc5
	0x80a1d5e
	0x80a2bff
	0x80a3f7c
	0x80a502e
	0x80a7a40
	0x80a2464
	0x80a24cd
	0x809847d
	0x809833e
	0x809813c
	start_thread [0xb7633955]
	0xb6c72e7e
 (WARNING: The server did not provide any stacktrace information)
Command duration or timeout: 71 milliseconds
Build info: version: &amp;apos;2.15.0&amp;apos;, revision: &amp;apos;15105&amp;apos;, time: &amp;apos;2011-12-08 09:57:28&amp;apos;
System info: os.name: &amp;apos;Linux&amp;apos;, os.arch: &amp;apos;i386&amp;apos;, os.version: &amp;apos;2.6.32-5-686&amp;apos;, java.version: &amp;apos;1.6.0_26&amp;apos;
Driver info: driver.version: RemoteWebDriver">
      <![CDATA[org.openqa.selenium.WebDriverException: Script execution failed. Script: enter_name();;
 Internal Chrome error during 'ExecuteJavascript': (Could not complete script execution because a modal dialog is active). Request details: ({"command":"ExecuteJavascript","frame_xpath":"","javascript":"window.domAutomationController.send((function(){return function(){var i=void 0,l=null,n,p=this;function q(){}\nfunction r(a){var b=typeof a;if(b==\"object\")if(a){if(a instanceof Array)return\"array\";else if(a instanceof Object)return b;var c=Object.prototype.toString.call(a);if(c==\"[object Window]\")return\"object\";if(c==\"[object Array]\"||typeof a.length==\"number\"&&typeof a.splice!=\"undefined\"&&typeof a.propertyIsEnumerable!=\"undefined\"&&!a.propertyIsEnumerable(\"splice\"))return\"array\";if(c==\"[object Function]\"||typeof a.call!=\"undefined\"&&typeof a.propertyIsEnumerable!=\"undefined\"&&!a.propertyIsEnumerable(\"call\"))return\"function\"}else return\"null\";\nelse if(b==\"function\"&&typeof a.call==\"undefined\")return\"object\";return b}function aa(a){var b=r(a);return b==\"array\"||b==\"object\"&&typeof a.length==\"number\"}function t(a){return typeof a==\"string\"}function ba(a){a=r(a);return a==\"object\"||a==\"array\"||a==\"function\"}function u(a){return a[ca]||(a[ca]=++da)}var ca=\"closure_uid_\"+Math.floor(Math.random()*2147483648).toString(36),da=0,ea=Date.now||function(){return+new Date};\nfunction v(a,b){function c(){}c.prototype=b.prototype;a.u=b.prototype;a.prototype=new c};function fa(a){for(var b=1;b\u003Carguments.length;b++)var c=String(arguments[b]).replace(/\\$/g,\"$$$$\"),a=a.replace(/\\%s/,c);return a}\nfunction ga(){for(var a=0,b=String(ha).replace(/^[\\s\\xa0]+|[\\s\\xa0]+$/g,\"\").split(\".\"),c=String(\"5.7\").replace(/^[\\s\\xa0]+|[\\s\\xa0]+$/g,\"\").split(\".\"),e=Math.max(b.length,c.length),f=0;a==0&&f\u003Ce;f++){var d=b[f]||\"\",h=c[f]||\"\",j=RegExp(\"(\\\\d*)(\\\\D*)\",\"g\"),k=RegExp(\"(\\\\d*)(\\\\D*)\",\"g\");do{var g=j.exec(d)||[\"\",\"\",\"\"],o=k.exec(h)||[\"\",\"\",\"\"];if(g[0].length==0&&o[0].length==0)break;a=w(g[1].length==0?0:parseInt(g[1],10),o[1].length==0?0:parseInt(o[1],10))||w(g[2].length==0,o[2].length==0)||w(g[2],o[2])}while(a==\n0)}return a}function w(a,b){if(a\u003Cb)return-1;else if(a\u003Eb)return 1;return 0};var ia=p.navigator,ja=(ia&&ia.platform||\"\").indexOf(\"Mac\")!=-1;var ka=window;function x(a){this.stack=Error().stack||\"\";if(a)this.message=String(a)}v(x,Error);x.prototype.name=\"CustomError\";function la(a,b){var c={},e;for(e in a)b.call(i,a[e],e,a)&&(c[e]=a[e]);return c}function ma(a,b){var c={},e;for(e in a)c[e]=b.call(i,a[e],e,a);return c}function na(a,b){for(var c in a)if(b.call(i,a[c],c,a))return c};function y(a,b){x.call(this,b);this.code=a;this.name=z[a]||z[13]}v(y,x);var z,oa={NoSuchElementError:7,NoSuchFrameError:8,UnknownCommandError:9,StaleElementReferenceError:10,ElementNotVisibleError:11,InvalidElementStateError:12,UnknownError:13,ElementNotSelectableError:15,XPathLookupError:19,NoSuchWindowError:23,InvalidCookieDomainError:24,UnableToSetCookieError:25,ModalDialogOpenedError:26,NoModalDialogOpenError:27,ScriptTimeoutError:28,InvalidSelectorError:32},pa={},A;for(A in oa)pa[oa[A]]=A;\nz=pa;y.prototype.toString=function(){return\"[\"+this.name+\"] \"+this.message};function B(a,b){b.unshift(a);x.call(this,fa.apply(l,b));b.shift();this.B=a}v(B,x);B.prototype.name=\"AssertionError\";function qa(a,b){if(!a){var c=Array.prototype.slice.call(arguments,2),e=\"Assertion failed\";if(b){e+=\": \"+b;var f=c}throw new B(\"\"+e,f||[]);}};var ra=Array.prototype;function sa(a,b){if(t(a)){if(!t(b)||b.length!=1)return-1;return a.indexOf(b,0)}for(var c=0;c\u003Ca.length;c++)if(c in a&&a[c]===b)return c;return-1}function C(a,b){for(var c=a.length,e=Array(c),f=t(a)?a.split(\"\"):a,d=0;d\u003Cc;d++)d in f&&(e[d]=b.call(i,f[d],d,a));return e};var D;function E(){ta&&(F[u(this)]=this)}var ta=!1,F={};E.prototype.o=!1;E.prototype.g=function(){if(!this.o&&(this.o=!0,this.d(),ta)){var a=u(this);if(!F.hasOwnProperty(a))throw Error(this+\" did not call the goog.Disposable base constructor or was disposed of after a clearUndisposedObjects call\");delete F[a]}};E.prototype.d=function(){};function G(a,b){E.call(this);this.type=a;this.currentTarget=this.target=b}v(G,E);G.prototype.d=function(){delete this.type;delete this.target;delete this.currentTarget};G.prototype.l=!1;G.prototype.z=!0;function H(a,b){a&&this.i(a,b)}v(H,G);n=H.prototype;n.target=l;n.relatedTarget=l;n.offsetX=0;n.offsetY=0;n.clientX=0;n.clientY=0;n.screenX=0;n.screenY=0;n.button=0;n.keyCode=0;n.charCode=0;n.ctrlKey=!1;n.altKey=!1;n.shiftKey=!1;n.metaKey=!1;n.w=!1;n.p=l;\nn.i=function(a,b){var c=this.type=a.type;G.call(this,c);this.target=a.target||a.srcElement;this.currentTarget=b;var e=a.relatedTarget;if(!e)if(c==\"mouseover\")e=a.fromElement;else if(c==\"mouseout\")e=a.toElement;this.relatedTarget=e;this.offsetX=a.offsetX!==i?a.offsetX:a.layerX;this.offsetY=a.offsetY!==i?a.offsetY:a.layerY;this.clientX=a.clientX!==i?a.clientX:a.pageX;this.clientY=a.clientY!==i?a.clientY:a.pageY;this.screenX=a.screenX||0;this.screenY=a.screenY||0;this.button=a.button;this.keyCode=a.keyCode||\n0;this.charCode=a.charCode||(c==\"keypress\"?a.keyCode:0);this.ctrlKey=a.ctrlKey;this.altKey=a.altKey;this.shiftKey=a.shiftKey;this.metaKey=a.metaKey;this.w=ja?a.metaKey:a.ctrlKey;this.state=a.state;this.p=a;delete this.z;delete this.l};n.d=function(){H.u.d.call(this);this.relatedTarget=this.currentTarget=this.target=this.p=l};function ua(){}var va=0;n=ua.prototype;n.key=0;n.f=!1;n.m=!1;n.i=function(a,b,c,e,f,d){if(r(a)==\"function\")this.q=!0;else if(a&&a.handleEvent&&r(a.handleEvent)==\"function\")this.q=!1;else throw Error(\"Invalid listener argument\");this.j=a;this.t=b;this.src=c;this.type=e;this.capture=!!f;this.v=d;this.m=!1;this.key=++va;this.f=!1};n.handleEvent=function(a){if(this.q)return this.j.call(this.v||this.src,a);return this.j.handleEvent.call(this.j,a)};function I(a,b){E.call(this);this.r=b;this.b=[];if(a\u003Ethis.r)throw Error(\"[goog.structs.SimplePool] Initial cannot be greater than max\");for(var c=0;c\u003Ca;c++)this.b.push(this.a?this.a():{})}v(I,E);I.prototype.a=l;I.prototype.n=l;I.prototype.getObject=function(){if(this.b.length)return this.b.pop();return this.a?this.a():{}};function K(a,b){a.b.length\u003Ca.r?a.b.push(b):wa(a,b)}function wa(a,b){if(a.n)a.n(b);else if(ba(b))if(r(b.g)==\"function\")b.g();else for(var c in b)delete b[c]}\nI.prototype.d=function(){I.u.d.call(this);for(var a=this.b;a.length;)wa(this,a.pop());delete this.b};var xa,ha=(xa=\"ScriptEngine\"in p&&p.ScriptEngine()==\"JScript\")?p.ScriptEngineMajorVersion()+\".\"+p.ScriptEngineMinorVersion()+\".\"+p.ScriptEngineBuildVersion():\"0\";var L,M,N,ya,O,P,Q,R;\n(function(){function a(){return{c:0,e:0}}function b(){return[]}function c(){function a(b){return h.call(a.src,a.key,b)}return a}function e(){return new ua}function f(){return new H}var d=xa&&!(ga()\u003E=0),h;ya=function(a){h=a};if(d){L=function(a){K(j,a)};M=function(){return k.getObject()};N=function(a){K(k,a)};O=function(){K(g,c())};P=function(a){K(o,a)};Q=function(){return m.getObject()};R=function(a){K(m,a)};var j=new I(0,600);j.a=a;var k=new I(0,600);k.a=b;var g=new I(0,600);g.a=c;var o=new I(0,600);\no.a=e;var m=new I(0,600);m.a=f}else L=q,M=b,P=O=N=q,Q=f,R=q})();var S={},T={},U={},V={};function za(a,b,c,e){if(!e.h&&e.s){for(var f=0,d=0;f\u003Ce.length;f++)if(e[f].f){var h=e[f].t;h.src=l;O(h);P(e[f])}else f!=d&&(e[d]=e[f]),d++;e.length=d;e.s=!1;d==0&&(N(e),delete T[a][b][c],T[a][b].c--,T[a][b].c==0&&(L(T[a][b]),delete T[a][b],T[a].c--),T[a].c==0&&(L(T[a]),delete T[a]))}}function Aa(a){if(a in V)return V[a];return V[a]=\"on\"+a}\nfunction Ba(a,b,c,e,f){var d=1,b=u(b);if(a[b]){a.e--;a=a[b];a.h?a.h++:a.h=1;try{for(var h=a.length,j=0;j\u003Ch;j++){var k=a[j];k&&!k.f&&(d&=W(k,f)!==!1)}}finally{a.h--,za(c,e,b,a)}}return Boolean(d)}\nfunction W(a,b){var c=a.handleEvent(b);if(a.m){var e=a.key;if(S[e]){var f=S[e];if(!f.f){var d=f.src,h=f.type,j=f.t,k=f.capture;d.removeEventListener?(d==p||!d.A)&&d.removeEventListener(h,j,k):d.detachEvent&&d.detachEvent(Aa(h),j);d=u(d);j=T[h][k][d];if(U[d]){var g=U[d],o=sa(g,f);o\u003E=0&&(qa(g.length!=l),ra.splice.call(g,o,1));g.length==0&&delete U[d]}f.f=!0;j.s=!0;za(h,k,d,j);delete S[e]}}}return c}\nya(function(a,b){if(!S[a])return!0;var c=S[a],e=c.type,f=T;if(!(e in f))return!0;var f=f[e],d,h;D===i&&(D=!1);if(D){var j;if(!(j=b))a:{j=\"window.event\".split(\".\");for(var k=p;d=j.shift();)if(k[d]!=l)k=k[d];else{j=l;break a}j=k}d=j;j=!0 in f;k=!1 in f;if(j){if(d.keyCode\u003C0||d.returnValue!=i)return!0;a:{var g=!1;if(d.keyCode==0)try{d.keyCode=-1;break a}catch(o){g=!0}if(g||d.returnValue==i)d.returnValue=!0}}g=Q();g.i(d,this);d=!0;try{if(j){for(var m=M(),J=g.currentTarget;J;J=J.parentNode)m.push(J);h=\nf[!0];h.e=h.c;for(var s=m.length-1;!g.l&&s\u003E=0&&h.e;s--)g.currentTarget=m[s],d&=Ba(h,m[s],e,!0,g);if(k){h=f[!1];h.e=h.c;for(s=0;!g.l&&s\u003Cm.length&&h.e;s++)g.currentTarget=m[s],d&=Ba(h,m[s],e,!1,g)}}else d=W(c,g)}finally{if(m)m.length=0,N(m);g.g();R(g)}return d}e=new H(b,this);try{d=W(c,e)}finally{e.g()}return d});function Ca(){}\nfunction Da(a,b,c){switch(typeof b){case \"string\":Ea(b,c);break;case \"number\":c.push(isFinite(b)&&!isNaN(b)?b:\"null\");break;case \"boolean\":c.push(b);break;case \"undefined\":c.push(\"null\");break;case \"object\":if(b==l){c.push(\"null\");break}if(r(b)==\"array\"){var e=b.length;c.push(\"[\");for(var f=\"\",d=0;d\u003Ce;d++)c.push(f),Da(a,b[d],c),f=\",\";c.push(\"]\");break}c.push(\"{\");e=\"\";for(f in b)Object.prototype.hasOwnProperty.call(b,f)&&(d=b[f],typeof d!=\"function\"&&(c.push(e),Ea(f,c),c.push(\":\"),Da(a,d,c),e=\",\"));\nc.push(\"}\");break;case \"function\":break;default:throw Error(\"Unknown type: \"+typeof b);}}var Fa={'\"':'\\\\\"',\"\\\\\":\"\\\\\\\\\",\"/\":\"\\\\/\",\"\\u0008\":\"\\\\b\",\"\\u000c\":\"\\\\f\",\"\\n\":\"\\\\n\",\"\\r\":\"\\\\r\",\"\\t\":\"\\\\t\",\"\\u000b\":\"\\\\u000b\"},Ga=/\\uffff/.test(\"\\uffff\")?/[\\\\\\\"\\x00-\\x1f\\x7f-\\uffff]/g:/[\\\\\\\"\\x00-\\x1f\\x7f-\\xff]/g;function Ea(a,b){b.push('\"',a.replace(Ga,function(a){if(a in Fa)return Fa[a];var b=a.charCodeAt(0),f=\"\\\\u\";b\u003C16?f+=\"000\":b\u003C256?f+=\"00\":b\u003C4096&&(f+=\"0\");return Fa[a]=f+b.toString(16)}),'\"')};function X(a){switch(r(a)){case \"string\":case \"number\":case \"boolean\":return a;case \"function\":return a.toString();case \"array\":return C(a,X);case \"object\":if(\"nodeType\"in a&&(a.nodeType==1||a.nodeType==9)){var b={};b.ELEMENT=Ha(a);return b}if(\"document\"in a)return b={},b.WINDOW=Ha(a),b;if(aa(a))return C(a,X);a=la(a,function(a,b){return typeof b==\"number\"||t(b)});return ma(a,X);default:return l}}\nfunction Ia(a,b){if(r(a)==\"array\")return C(a,function(a){return Ia(a,b)});else if(ba(a)){if(\"ELEMENT\"in a)return Ja(a.ELEMENT,b);if(\"WINDOW\"in a)return Ja(a.WINDOW,b);return ma(a,function(a){return Ia(a,b)})}return a}function Ka(a){var a=a||document,b=a.$wdc_;if(!b)b=a.$wdc_={},b.k=ea();if(!b.k)b.k=ea();return b}function Ha(a){var b=Ka(a.ownerDocument),c=na(b,function(b){return b==a});c||(c=\":wdc:\"+b.k++,b[c]=a);return c}\nfunction Ja(a,b){var a=decodeURIComponent(a),c=b||document,e=Ka(c);if(!(a in e))throw new y(10,\"Element does not exist in cache\");var f=e[a];if(\"document\"in f){if(f.closed)throw delete e[a],new y(23,\"Window has been closed.\");return f}for(var d=f;d;){if(d==c.documentElement)return f;d=d.parentNode}delete e[a];throw new y(10,\"Element is no longer attached to the DOM\");};function La(a,b,c,e){var e=e||ka,f;try{var d=a,a=t(d)?new e.Function(d):e==window?d:new e.Function(\"return (\"+d+\").apply(null,arguments);\");var h=Ia(b,e.document),j=a.apply(l,h);f={status:0,value:X(j)}}catch(k){f={status:\"code\"in k?k.code:13,value:{message:k.message}}}c&&(a=[],Da(new Ca,f,a),f=a.join(\"\"));return f}var Y=\"_\".split(\".\"),Z=p;!(Y[0]in Z)&&Z.execScript&&Z.execScript(\"var \"+Y[0]);for(var $;Y.length&&($=Y.shift());)!Y.length&&La!==i?Z[$]=La:Z=Z[$]?Z[$]:Z[$]={};; return this._.apply(null,arguments);}.apply({navigator:typeof window!='undefined'?window.navigator:null}, arguments);}).apply(null,[function(){enter_name();\n},[],true]));","tab_index":0,"windex":0}).
Backtrace:
	0x8088d3a
	0x8076225
	0x806f7f3
	0x8076cd6
	0x8078b82
	0x8076d31
	0x8097dc5
	0x80a1d5e
	0x80a2bff
	0x80a3f7c
	0x80a502e
	0x80a7a40
	0x80a2464
	0x80a24cd
	0x809847d
	0x809833e
	0x809813c
	start_thread [0xb7633955]
	0xb6c72e7e
 (WARNING: The server did not provide any stacktrace information)
Command duration or timeout: 71 milliseconds
Build info: version: '2.15.0', revision: '15105', time: '2011-12-08 09:57:28'
System info: os.name: 'Linux', os.arch: 'i386', os.version: '2.6.32-5-686', java.version: '1.6.0_26'
Driver info: driver.version: RemoteWebDriver
	at org.openqa.selenium.remote.ErrorHandler.createThrowable(ErrorHandler.java:147)
	at org.openqa.selenium.remote.ErrorHandler.throwIfResponseFailed(ErrorHandler.java:113)
	at org.openqa.selenium.remote.RemoteWebDriver.execute(RemoteWebDriver.java:424)
	at org.openqa.selenium.remote.RemoteWebDriver.executeScript(RemoteWebDriver.java:337)
	at org.openqa.selenium.example.WebDriverTestBase.executeJS_no_return(WebDriverTestBase.java:107)
	at org.openqa.selenium.example.Local9Page.testJavaScript(Local9Page.java:15)
	at org.openqa.selenium.example.LocalTest.verifyNinethPage(LocalTest.java:87)
... Removed 28 stack frames]]>
    </failure>
  </testcase>
  <testcase name="verifySeventhPage" time="5.546" classname="org.openqa.selenium.example.LocalTest"/>
  <testcase name="verifySixthPage" time="5.347" classname="org.openqa.selenium.example.LocalTest"/>
  <testcase name="verifyThirdPage" time="7.396" classname="org.openqa.selenium.example.LocalTest"/>
</testsuite>
