<?xml version="1.0" encoding="UTF-8"?>
<testsuite hostname="hobby" name="org.openqa.selenium.example.GoogleSearchTest" tests="12" failures="0" timestamp="19 Jan 2012 17:18:23 GMT" time="63.365" errors="0">
  <testcase name="regressionSearch" time="1.956" classname="org.openqa.selenium.example.GoogleSearchTest"/>
  <testcase name="smokeSearch" time="0.0010" classname="org.openqa.selenium.example.GoogleSearchTest"/>
  <testcase name="checkText" time="0.317" classname="org.openqa.selenium.example.LocalTest"/>
  <testcase name="verifyEighthPage" time="0.535" classname="org.openqa.selenium.example.LocalTest"/>
  <testcase name="verifyFifthPage" time="0.47" classname="org.openqa.selenium.example.LocalTest"/>
  <testcase name="verifyFourthPage" time="0.573" classname="org.openqa.selenium.example.LocalTest"/>
  <testcase name="verifyLinks" time="0.475" classname="org.openqa.selenium.example.LocalTest"/>
  <testcase name="verifyNinethPage" time="10.594" classname="org.openqa.selenium.example.LocalTest"/>
  <testcase name="verifySeventhPage" time="0.851" classname="org.openqa.selenium.example.LocalTest"/>
  <testcase name="verifySixthPage" time="0.462" classname="org.openqa.selenium.example.LocalTest"/>
  <testcase name="verifyTenthPage" time="1.624" classname="org.openqa.selenium.example.LocalTest"/>
  <testcase name="verifyThirdPage" time="0.504" classname="org.openqa.selenium.example.LocalTest"/>
</testsuite>
