<?xml version="1.0" encoding="UTF-8"?>
<testng-results skipped="0" failed="0" total="12" passed="12">
  <reporter-output>
  </reporter-output>
  <suite name="Suite" duration-ms="63365" started-at="2012-01-19T19:17:20Z" finished-at="2012-01-19T19:18:23Z">
    <groups>
      <group name="regression">
        <method signature="org.openqa.selenium.example.GoogleSearchTest.regressionSearch()" name="regressionSearch" class="org.openqa.selenium.example.GoogleSearchTest"/>
        <method signature="org.openqa.selenium.example.LocalTest.checkText()" name="checkText" class="org.openqa.selenium.example.LocalTest"/>
        <method signature="org.openqa.selenium.example.LocalTest.verifyEighthPage()" name="verifyEighthPage" class="org.openqa.selenium.example.LocalTest"/>
        <method signature="org.openqa.selenium.example.LocalTest.verifyFifthPage()" name="verifyFifthPage" class="org.openqa.selenium.example.LocalTest"/>
        <method signature="org.openqa.selenium.example.LocalTest.verifyFourthPage()" name="verifyFourthPage" class="org.openqa.selenium.example.LocalTest"/>
        <method signature="org.openqa.selenium.example.LocalTest.verifyLinks()" name="verifyLinks" class="org.openqa.selenium.example.LocalTest"/>
        <method signature="org.openqa.selenium.example.LocalTest.verifyNinethPage()" name="verifyNinethPage" class="org.openqa.selenium.example.LocalTest"/>
        <method signature="org.openqa.selenium.example.LocalTest.verifySeventhPage()" name="verifySeventhPage" class="org.openqa.selenium.example.LocalTest"/>
        <method signature="org.openqa.selenium.example.LocalTest.verifySixthPage()" name="verifySixthPage" class="org.openqa.selenium.example.LocalTest"/>
        <method signature="org.openqa.selenium.example.LocalTest.verifyTenthPage()" name="verifyTenthPage" class="org.openqa.selenium.example.LocalTest"/>
        <method signature="org.openqa.selenium.example.LocalTest.verifyThirdPage()" name="verifyThirdPage" class="org.openqa.selenium.example.LocalTest"/>
      </group>
      <group name="inprogress">
        <method signature="org.openqa.selenium.example.GoogleSearchTest.smokeSearch()" name="smokeSearch" class="org.openqa.selenium.example.GoogleSearchTest"/>
      </group>
      <group name="smoke">
        <method signature="org.openqa.selenium.example.GoogleSearchTest.smokeSearch()" name="smokeSearch" class="org.openqa.selenium.example.GoogleSearchTest"/>
      </group>
    </groups>
    <test name="GUI Tests Firefox" duration-ms="63365" started-at="2012-01-19T19:17:20Z" finished-at="2012-01-19T19:18:23Z">
      <class name="org.openqa.selenium.example.LocalTest">
        <test-method status="PASS" signature="startDriver(java.lang.String)" name="startDriver" is-config="true" duration-ms="3366" started-at="2012-01-19T19:17:29Z" finished-at="2012-01-19T19:17:32Z">
          <params>
            <param index="0">
              <value>
                <![CDATA[firefox]]>
              </value>
            </param>
          </params>
        </test-method>
        <test-method status="PASS" signature="checkText()" name="checkText" duration-ms="317" started-at="2012-01-19T19:17:32Z" finished-at="2012-01-19T19:17:33Z">
        </test-method>
        <test-method status="PASS" signature="stopDriver()" name="stopDriver" is-config="true" duration-ms="14" started-at="2012-01-19T19:17:33Z" finished-at="2012-01-19T19:17:33Z">
        </test-method>
        <test-method status="PASS" signature="startDriver(java.lang.String)" name="startDriver" is-config="true" duration-ms="3771" started-at="2012-01-19T19:17:33Z" finished-at="2012-01-19T19:17:37Z">
          <params>
            <param index="0">
              <value>
                <![CDATA[firefox]]>
              </value>
            </param>
          </params>
        </test-method>
        <test-method status="PASS" signature="verifyEighthPage()" name="verifyEighthPage" duration-ms="535" started-at="2012-01-19T19:17:37Z" finished-at="2012-01-19T19:17:37Z">
        </test-method>
        <test-method status="PASS" signature="stopDriver()" name="stopDriver" is-config="true" duration-ms="17" started-at="2012-01-19T19:17:37Z" finished-at="2012-01-19T19:17:37Z">
        </test-method>
        <test-method status="PASS" signature="startDriver(java.lang.String)" name="startDriver" is-config="true" duration-ms="3549" started-at="2012-01-19T19:17:37Z" finished-at="2012-01-19T19:17:41Z">
          <params>
            <param index="0">
              <value>
                <![CDATA[firefox]]>
              </value>
            </param>
          </params>
        </test-method>
        <test-method status="PASS" signature="verifyFifthPage()" name="verifyFifthPage" duration-ms="470" started-at="2012-01-19T19:17:41Z" finished-at="2012-01-19T19:17:41Z">
        </test-method>
        <test-method status="PASS" signature="stopDriver()" name="stopDriver" is-config="true" duration-ms="8" started-at="2012-01-19T19:17:41Z" finished-at="2012-01-19T19:17:41Z">
        </test-method>
        <test-method status="PASS" signature="startDriver(java.lang.String)" name="startDriver" is-config="true" duration-ms="3721" started-at="2012-01-19T19:17:41Z" finished-at="2012-01-19T19:17:45Z">
          <params>
            <param index="0">
              <value>
                <![CDATA[firefox]]>
              </value>
            </param>
          </params>
        </test-method>
        <test-method status="PASS" signature="verifyFourthPage()" name="verifyFourthPage" duration-ms="573" started-at="2012-01-19T19:17:45Z" finished-at="2012-01-19T19:17:45Z">
        </test-method>
        <test-method status="PASS" signature="stopDriver()" name="stopDriver" is-config="true" duration-ms="4" started-at="2012-01-19T19:17:45Z" finished-at="2012-01-19T19:17:45Z">
        </test-method>
        <test-method status="PASS" signature="startDriver(java.lang.String)" name="startDriver" is-config="true" duration-ms="4800" started-at="2012-01-19T19:17:45Z" finished-at="2012-01-19T19:17:50Z">
          <params>
            <param index="0">
              <value>
                <![CDATA[firefox]]>
              </value>
            </param>
          </params>
        </test-method>
        <test-method status="PASS" signature="verifyLinks()" name="verifyLinks" duration-ms="475" started-at="2012-01-19T19:17:50Z" finished-at="2012-01-19T19:17:51Z">
        </test-method>
        <test-method status="PASS" signature="stopDriver()" name="stopDriver" is-config="true" duration-ms="8" started-at="2012-01-19T19:17:51Z" finished-at="2012-01-19T19:17:51Z">
        </test-method>
        <test-method status="PASS" signature="startDriver(java.lang.String)" name="startDriver" is-config="true" duration-ms="3570" started-at="2012-01-19T19:17:51Z" finished-at="2012-01-19T19:17:54Z">
          <params>
            <param index="0">
              <value>
                <![CDATA[firefox]]>
              </value>
            </param>
          </params>
        </test-method>
        <test-method status="PASS" signature="verifyNinethPage()" name="verifyNinethPage" duration-ms="10594" started-at="2012-01-19T19:17:54Z" finished-at="2012-01-19T19:18:05Z">
        </test-method>
        <test-method status="PASS" signature="stopDriver()" name="stopDriver" is-config="true" duration-ms="4" started-at="2012-01-19T19:18:05Z" finished-at="2012-01-19T19:18:05Z">
        </test-method>
        <test-method status="PASS" signature="startDriver(java.lang.String)" name="startDriver" is-config="true" duration-ms="3537" started-at="2012-01-19T19:18:05Z" finished-at="2012-01-19T19:18:08Z">
          <params>
            <param index="0">
              <value>
                <![CDATA[firefox]]>
              </value>
            </param>
          </params>
        </test-method>
        <test-method status="PASS" signature="verifySeventhPage()" name="verifySeventhPage" duration-ms="851" started-at="2012-01-19T19:18:08Z" finished-at="2012-01-19T19:18:09Z">
        </test-method>
        <test-method status="PASS" signature="stopDriver()" name="stopDriver" is-config="true" duration-ms="4" started-at="2012-01-19T19:18:09Z" finished-at="2012-01-19T19:18:09Z">
        </test-method>
        <test-method status="PASS" signature="startDriver(java.lang.String)" name="startDriver" is-config="true" duration-ms="3456" started-at="2012-01-19T19:18:09Z" finished-at="2012-01-19T19:18:13Z">
          <params>
            <param index="0">
              <value>
                <![CDATA[firefox]]>
              </value>
            </param>
          </params>
        </test-method>
        <test-method status="PASS" signature="verifySixthPage()" name="verifySixthPage" duration-ms="462" started-at="2012-01-19T19:18:13Z" finished-at="2012-01-19T19:18:13Z">
        </test-method>
        <test-method status="PASS" signature="stopDriver()" name="stopDriver" is-config="true" duration-ms="7" started-at="2012-01-19T19:18:13Z" finished-at="2012-01-19T19:18:13Z">
        </test-method>
        <test-method status="PASS" signature="startDriver(java.lang.String)" name="startDriver" is-config="true" duration-ms="3698" started-at="2012-01-19T19:18:13Z" finished-at="2012-01-19T19:18:17Z">
          <params>
            <param index="0">
              <value>
                <![CDATA[firefox]]>
              </value>
            </param>
          </params>
        </test-method>
        <test-method status="PASS" signature="verifyTenthPage()" name="verifyTenthPage" duration-ms="1624" started-at="2012-01-19T19:18:17Z" finished-at="2012-01-19T19:18:18Z">
        </test-method>
        <test-method status="PASS" signature="stopDriver()" name="stopDriver" is-config="true" duration-ms="3" started-at="2012-01-19T19:18:18Z" finished-at="2012-01-19T19:18:18Z">
        </test-method>
        <test-method status="PASS" signature="startDriver(java.lang.String)" name="startDriver" is-config="true" duration-ms="3947" started-at="2012-01-19T19:18:18Z" finished-at="2012-01-19T19:18:22Z">
          <params>
            <param index="0">
              <value>
                <![CDATA[firefox]]>
              </value>
            </param>
          </params>
        </test-method>
        <test-method status="PASS" signature="verifyThirdPage()" name="verifyThirdPage" duration-ms="504" started-at="2012-01-19T19:18:22Z" finished-at="2012-01-19T19:18:23Z">
        </test-method>
        <test-method status="PASS" signature="stopDriver()" name="stopDriver" is-config="true" duration-ms="4" started-at="2012-01-19T19:18:23Z" finished-at="2012-01-19T19:18:23Z">
        </test-method>
      </class>
      <class name="org.openqa.selenium.example.GoogleSearchTest">
        <test-method status="PASS" signature="startDriver(java.lang.String)" name="startDriver" is-config="true" duration-ms="3809" started-at="2012-01-19T19:17:20Z" finished-at="2012-01-19T19:17:23Z">
          <params>
            <param index="0">
              <value>
                <![CDATA[firefox]]>
              </value>
            </param>
          </params>
        </test-method>
        <test-method status="PASS" signature="regressionSearch()" name="regressionSearch" duration-ms="1956" started-at="2012-01-19T19:17:23Z" finished-at="2012-01-19T19:17:25Z">
        </test-method>
        <test-method status="PASS" signature="stopDriver()" name="stopDriver" is-config="true" duration-ms="10" started-at="2012-01-19T19:17:25Z" finished-at="2012-01-19T19:17:25Z">
        </test-method>
        <test-method status="PASS" signature="startDriver(java.lang.String)" name="startDriver" is-config="true" duration-ms="3669" started-at="2012-01-19T19:17:25Z" finished-at="2012-01-19T19:17:29Z">
          <params>
            <param index="0">
              <value>
                <![CDATA[firefox]]>
              </value>
            </param>
          </params>
        </test-method>
        <test-method status="PASS" signature="smokeSearch()" name="smokeSearch" duration-ms="1" started-at="2012-01-19T19:17:29Z" finished-at="2012-01-19T19:17:29Z">
        </test-method>
        <test-method status="PASS" signature="stopDriver()" name="stopDriver" is-config="true" duration-ms="16" started-at="2012-01-19T19:17:29Z" finished-at="2012-01-19T19:17:29Z">
        </test-method>
      </class>
    </test>
  </suite>
</testng-results>
